{
  "RSpec": {
    "coverage": {
      "/Users/zarehlangridge/Projects/orchid_house/app/models/user.rb": [
        1,
        null,
        null,
        1,
        null,
        null,
        null,
        null
      ],
      "/Users/zarehlangridge/Projects/orchid_house/app/models/application_record.rb": [
        1,
        1,
        null
      ],
      "/Users/zarehlangridge/Projects/orchid_house/app/helpers/admin/application_helper.rb": [
        1,
        null
      ],
      "/Users/zarehlangridge/Projects/orchid_house/app/helpers/admin/products_helper.rb": [
        1,
        null
      ],
      "/Users/zarehlangridge/Projects/orchid_house/app/helpers/application_helper.rb": [
        1,
        null,
        1,
        11,
        null,
        null
      ],
      "/Users/zarehlangridge/Projects/orchid_house/app/helpers/home_helper.rb": [
        1,
        null
      ],
      "/Users/zarehlangridge/Projects/orchid_house/app/helpers/products_helper.rb": [
        1,
        null
      ],
      "/Users/zarehlangridge/Projects/orchid_house/app/controllers/admin/application_controller.rb": [
        1,
        null,
        1,
        null,
        1,
        null,
        null,
        1,
        null,
        1,
        16,
        16,
        1,
        null,
        null,
        null,
        null
      ],
      "/Users/zarehlangridge/Projects/orchid_house/app/controllers/application_controller.rb": [
        1,
        1,
        null,
        1,
        3,
        1,
        null,
        2,
        null,
        null,
        null
      ],
      "/Users/zarehlangridge/Projects/orchid_house/app/controllers/admin/products_controller.rb": [
        1,
        1,
        null,
        1,
        2,
        null,
        null,
        1,
        2,
        2,
        1,
        1,
        null,
        1,
        1,
        null,
        null,
        null,
        1,
        2,
        1,
        1,
        null,
        1,
        1,
        null,
        null,
        null,
        1,
        1,
        1,
        1,
        null,
        null,
        1,
        null,
        1,
        4,
        null,
        null,
        1,
        5,
        null,
        null,
        null
      ],
      "/Users/zarehlangridge/Projects/orchid_house/app/controllers/home_controller.rb": [
        1,
        1,
        null,
        null,
        null,
        null
      ],
      "/Users/zarehlangridge/Projects/orchid_house/app/controllers/products_controller.rb": [
        1,
        null,
        null,
        1,
        4,
        null,
        null,
        1,
        11,
        null,
        null
      ],
      "/Users/zarehlangridge/Projects/orchid_house/app/models/product.rb": [
        1,
        null,
        1,
        null,
        1,
        1,
        null
      ],
      "/Users/zarehlangridge/Projects/orchid_house/app/channels/application_cable/channel.rb": [
        0,
        0,
        0,
        0
      ],
      "/Users/zarehlangridge/Projects/orchid_house/app/channels/application_cable/connection.rb": [
        0,
        0,
        0,
        0
      ],
      "/Users/zarehlangridge/Projects/orchid_house/app/jobs/application_job.rb": [
        0,
        0
      ],
      "/Users/zarehlangridge/Projects/orchid_house/app/mailers/application_mailer.rb": [
        0,
        0,
        0,
        0
      ]
    },
    "timestamp": 1472151551
  },
  "Cucumber Features": {
    "coverage": {
      "/Users/zarehlangridge/Projects/orchid_house/config/environment.rb": [
        null,
        1,
        null,
        null,
        1
      ],
      "/Users/zarehlangridge/Projects/orchid_house/config/application.rb": [
        1,
        null,
        1,
        null,
        null,
        null,
        1,
        null,
        1,
        1,
        null,
        null,
        null,
        null,
        null
      ],
      "/Users/zarehlangridge/Projects/orchid_house/config/boot.rb": [
        1,
        null,
        1
      ],
      "/Users/zarehlangridge/Projects/orchid_house/config/environments/test.rb": [
        1,
        null,
        null,
        null,
        null,
        null,
        null,
        1,
        null,
        null,
        null,
        null,
        1,
        null,
        null,
        1,
        1,
        null,
        null,
        null,
        null,
        1,
        1,
        null,
        null,
        1,
        null,
        null,
        1,
        1,
        null,
        null,
        null,
        null,
        1,
        null,
        null,
        1,
        null,
        null,
        null,
        null
      ],
      "/Users/zarehlangridge/Projects/orchid_house/config/initializers/application_controller_renderer.rb": [
        null,
        null,
        null,
        null,
        null,
        null
      ],
      "/Users/zarehlangridge/Projects/orchid_house/config/initializers/assets.rb": [
        null,
        null,
        null,
        1,
        null,
        null,
        null,
        null,
        null,
        null,
        null
      ],
      "/Users/zarehlangridge/Projects/orchid_house/config/initializers/backtrace_silencers.rb": [
        null,
        null,
        null,
        null,
        null,
        null,
        null
      ],
      "/Users/zarehlangridge/Projects/orchid_house/config/initializers/cookies_serializer.rb": [
        null,
        null,
        null,
        null,
        1
      ],
      "/Users/zarehlangridge/Projects/orchid_house/config/initializers/devise.rb": [
        null,
        null,
        1,
        null,
        null,
        null,
        null,
        null,
        null,
        null,
        null,
        null,
        null,
        null,
        1,
        null,
        null,
        null,
        null,
        null,
        null,
        null,
        null,
        null,
        null,
        null,
        1,
        null,
        null,
        null,
        null,
        null,
        null,
        null,
        null,
        null,
        null,
        null,
        null,
        null,
        null,
        null,
        null,
        null,
        null,
        null,
        null,
        null,
        1,
        null,
        null,
        null,
        null,
        1,
        null,
        null,
        null,
        null,
        null,
        null,
        null,
        null,
        null,
        null,
        null,
        null,
        null,
        null,
        null,
        null,
        null,
        null,
        null,
        null,
        null,
        null,
        null,
        null,
        null,
        null,
        null,
        null,
        null,
        null,
        1,
        null,
        null,
        null,
        null,
        null,
        null,
        null,
        null,
        null,
        null,
        null,
        null,
        null,
        null,
        null,
        null,
        null,
        null,
        null,
        null,
        null,
        null,
        1,
        null,
        null,
        null,
        null,
        null,
        null,
        null,
        null,
        null,
        null,
        null,
        null,
        null,
        null,
        null,
        null,
        null,
        null,
        null,
        null,
        null,
        null,
        null,
        null,
        null,
        null,
        null,
        1,
        null,
        null,
        null,
        null,
        null,
        null,
        null,
        null,
        null,
        1,
        null,
        null,
        null,
        null,
        null,
        null,
        null,
        null,
        null,
        null,
        1,
        null,
        null,
        null,
        null,
        1,
        null,
        null,
        null,
        null,
        null,
        null,
        null,
        null,
        null,
        null,
        null,
        null,
        null,
        null,
        null,
        null,
        null,
        null,
        null,
        null,
        null,
        null,
        null,
        null,
        null,
        null,
        null,
        null,
        null,
        null,
        null,
        null,
        null,
        null,
        null,
        null,
        null,
        null,
        null,
        null,
        1,
        null,
        null,
        null,
        null,
        null,
        null,
        null,
        null,
        null,
        null,
        null,
        null,
        null,
        null,
        null,
        null,
        null,
        null,
        null,
        null,
        null,
        null,
        null,
        null,
        null,
        null,
        null,
        null,
        null,
        null,
        null,
        null,
        null,
        null,
        null,
        null,
        null,
        null,
        null,
        null,
        null,
        1,
        null,
        null,
        null,
        null,
        null,
        null,
        null,
        null,
        null,
        null,
        null,
        null,
        null,
        null,
        null,
        null,
        null,
        null,
        null,
        null,
        null,
        null,
        null,
        null,
        null,
        null,
        null,
        null,
        null
      ],
      "/Users/zarehlangridge/Projects/orchid_house/config/initializers/filter_parameter_logging.rb": [
        null,
        null,
        null,
        1
      ],
      "/Users/zarehlangridge/Projects/orchid_house/config/initializers/inflections.rb": [
        null,
        null,
        null,
        null,
        null,
        null,
        null,
        null,
        null,
        null,
        null,
        null,
        null,
        null,
        null,
        null
      ],
      "/Users/zarehlangridge/Projects/orchid_house/config/initializers/mime_types.rb": [
        null,
        null,
        null,
        null
      ],
      "/Users/zarehlangridge/Projects/orchid_house/config/initializers/new_framework_defaults.rb": [
        null,
        null,
        null,
        null,
        null,
        null,
        null,
        1,
        null,
        null,
        1,
        null,
        null,
        null,
        1,
        null,
        null,
        1,
        null,
        null,
        1,
        null,
        null,
        1
      ],
      "/Users/zarehlangridge/Projects/orchid_house/config/initializers/session_store.rb": [
        null,
        null,
        1
      ],
      "/Users/zarehlangridge/Projects/orchid_house/config/initializers/wrap_parameters.rb": [
        null,
        null,
        null,
        null,
        null,
        null,
        1,
        2,
        null,
        null,
        null,
        null,
        null,
        null
      ],
      "/Users/zarehlangridge/Projects/orchid_house/spec/factories/products.rb": [
        1,
        1,
        1,
        1,
        1,
        null,
        null
      ],
      "/Users/zarehlangridge/Projects/orchid_house/spec/factories/users.rb": [
        1,
        1,
        1,
        1,
        null,
        1,
        1,
        null,
        null,
        null
      ],
      "/Users/zarehlangridge/Projects/orchid_house/config/routes.rb": [
        1,
        null,
        1,
        null,
        1,
        null,
        1,
        null,
        1,
        null,
        1,
        1,
        null,
        1,
        null,
        null
      ],
      "/Users/zarehlangridge/Projects/orchid_house/app/models/user.rb": [
        1,
        null,
        null,
        1,
        null,
        null,
        null,
        null
      ],
      "/Users/zarehlangridge/Projects/orchid_house/app/models/application_record.rb": [
        1,
        1,
        null
      ],
      "/Users/zarehlangridge/Projects/orchid_house/features/step_definitions/show_product_steps.rb": [
        1,
        1,
        1,
        null,
        null,
        null,
        1,
        1,
        1,
        1,
        null
      ],
      "/Users/zarehlangridge/Projects/orchid_house/features/step_definitions/view_products_steps.rb": [
        1,
        2,
        null,
        null,
        1,
        2,
        null,
        null,
        1,
        1,
        1,
        null
      ],
      "/Users/zarehlangridge/Projects/orchid_house/app/models/product.rb": [
        1,
        null,
        1,
        null,
        1,
        1,
        null
      ],
      "/Users/zarehlangridge/Projects/orchid_house/app/controllers/products_controller.rb": [
        1,
        null,
        null,
        1,
        2,
        null,
        null,
        1,
        1,
        null,
        null
      ],
      "/Users/zarehlangridge/Projects/orchid_house/app/controllers/application_controller.rb": [
        1,
        1,
        null,
        1,
        0,
        0,
        null,
        0,
        null,
        null,
        null
      ],
      "/Users/zarehlangridge/Projects/orchid_house/app/helpers/application_helper.rb": [
        1,
        null,
        1,
        1,
        null,
        null
      ],
      "/Users/zarehlangridge/Projects/orchid_house/app/helpers/admin/application_helper.rb": [
        1,
        null
      ],
      "/Users/zarehlangridge/Projects/orchid_house/app/helpers/admin/products_helper.rb": [
        1,
        null
      ],
      "/Users/zarehlangridge/Projects/orchid_house/app/helpers/home_helper.rb": [
        1,
        null
      ],
      "/Users/zarehlangridge/Projects/orchid_house/app/helpers/products_helper.rb": [
        1,
        null
      ]
    },
    "timestamp": 1472151372
  }
}
